2023-05-25 21:50:19.981  INFO 27792 --- [restartedMain] com.ll.spirits.SpiritsApplication        : Starting SpiritsApplication using Java 19.0.2 with PID 27792 (C:\Users\INSEONG\Desktop\국비지원 풀스택\팀프로젝트\주류추천서비스\spirits\build\classes\java\main started by INSEONG in C:\Users\INSEONG\Desktop\국비지원 풀스택\팀프로젝트\주류추천서비스\spirits)
2023-05-25 21:50:19.986  INFO 27792 --- [restartedMain] com.ll.spirits.SpiritsApplication        : No active profile set, falling back to 1 default profile: "default"
2023-05-25 21:50:20.322  INFO 27792 --- [restartedMain] .e.DevToolsPropertyDefaultsPostProcessor : Devtools property defaults active! Set 'spring.devtools.add-properties' to 'false' to disable
2023-05-25 21:50:20.323  INFO 27792 --- [restartedMain] .e.DevToolsPropertyDefaultsPostProcessor : For additional web related logging consider setting the 'logging.level.web' property to 'DEBUG'
2023-05-25 21:50:21.231  INFO 27792 --- [restartedMain] .s.d.r.c.RepositoryConfigurationDelegate : Bootstrapping Spring Data JPA repositories in DEFAULT mode.
2023-05-25 21:50:21.299  INFO 27792 --- [restartedMain] .s.d.r.c.RepositoryConfigurationDelegate : Finished Spring Data repository scanning in 58 ms. Found 2 JPA repository interfaces.
2023-05-25 21:50:22.113  INFO 27792 --- [restartedMain] o.s.b.w.embedded.tomcat.TomcatWebServer  : Tomcat initialized with port(s): 8000 (http)
2023-05-25 21:50:22.126  INFO 27792 --- [restartedMain] o.apache.catalina.core.StandardService   : Starting service [Tomcat]
2023-05-25 21:50:22.126  INFO 27792 --- [restartedMain] o.apache.catalina.core.StandardEngine    : Starting Servlet engine: [Apache Tomcat/10.1.8]
2023-05-25 21:50:22.209  INFO 27792 --- [restartedMain] o.a.c.c.C.[Tomcat].[localhost].[/]       : Initializing Spring embedded WebApplicationContext
2023-05-25 21:50:22.210  INFO 27792 --- [restartedMain] w.s.c.ServletWebServerApplicationContext : Root WebApplicationContext: initialization completed in 1885 ms
2023-05-25 21:50:22.420  INFO 27792 --- [restartedMain] o.hibernate.jpa.internal.util.LogHelper  : HHH000204: Processing PersistenceUnitInfo [name: default]
2023-05-25 21:50:22.490  INFO 27792 --- [restartedMain] org.hibernate.Version                    : HHH000412: Hibernate ORM core version 6.1.7.Final
2023-05-25 21:50:22.774  INFO 27792 --- [restartedMain] com.zaxxer.hikari.HikariDataSource       : HikariPool-1 - Starting...
2023-05-25 21:50:22.891  INFO 27792 --- [restartedMain] com.zaxxer.hikari.pool.HikariPool        : HikariPool-1 - Added connection org.mariadb.jdbc.Connection@647162cb
2023-05-25 21:50:22.894  INFO 27792 --- [restartedMain] com.zaxxer.hikari.HikariDataSource       : HikariPool-1 - Start completed.
2023-05-25 21:50:22.925  INFO 27792 --- [restartedMain] SQL dialect                              : HHH000400: Using dialect: org.hibernate.dialect.MariaDBDialect
2023-05-25 21:50:24.211  INFO 27792 --- [restartedMain] o.h.e.t.j.p.i.JtaPlatformInitiator       : HHH000490: Using JtaPlatform implementation: [org.hibernate.engine.transaction.jta.platform.internal.NoJtaPlatform]
2023-05-25 21:50:24.218  INFO 27792 --- [restartedMain] j.LocalContainerEntityManagerFactoryBean : Initialized JPA EntityManagerFactory for persistence unit 'default'
2023-05-25 21:50:24.480  WARN 27792 --- [restartedMain] ConfigServletWebServerApplicationContext : Exception encountered during context initialization - cancelling refresh attempt: org.springframework.beans.factory.UnsatisfiedDependencyException: Error creating bean with name 'userController' defined in file [C:\Users\INSEONG\Desktop\국비지원 풀스택\팀프로젝트\주류추천서비스\spirits\build\classes\java\main\com\ll\spirits\user\UserController.class]: Unsatisfied dependency expressed through constructor parameter 0: Error creating bean with name 'userService' defined in file [C:\Users\INSEONG\Desktop\국비지원 풀스택\팀프로젝트\주류추천서비스\spirits\build\classes\java\main\com\ll\spirits\user\UserService.class]: Unsatisfied dependency expressed through constructor parameter 1: No qualifying bean of type 'org.springframework.security.crypto.password.PasswordEncoder' available: expected at least 1 bean which qualifies as autowire candidate. Dependency annotations: {}
2023-05-25 21:50:24.480  INFO 27792 --- [restartedMain] j.LocalContainerEntityManagerFactoryBean : Closing JPA EntityManagerFactory for persistence unit 'default'
2023-05-25 21:50:24.483  INFO 27792 --- [restartedMain] com.zaxxer.hikari.HikariDataSource       : HikariPool-1 - Shutdown initiated...
2023-05-25 21:50:24.486  INFO 27792 --- [restartedMain] com.zaxxer.hikari.HikariDataSource       : HikariPool-1 - Shutdown completed.
2023-05-25 21:50:24.487  INFO 27792 --- [restartedMain] o.apache.catalina.core.StandardService   : Stopping service [Tomcat]
2023-05-25 21:50:24.496  INFO 27792 --- [restartedMain] .s.b.a.l.ConditionEvaluationReportLogger : 

Error starting ApplicationContext. To display the condition evaluation report re-run your application with 'debug' enabled.
2023-05-25 21:50:24.516 ERROR 27792 --- [restartedMain] o.s.b.d.LoggingFailureAnalysisReporter   : 

***************************
APPLICATION FAILED TO START
***************************

Description:

Parameter 1 of constructor in com.ll.spirits.user.UserService required a bean of type 'org.springframework.security.crypto.password.PasswordEncoder' that could not be found.


Action:

Consider defining a bean of type 'org.springframework.security.crypto.password.PasswordEncoder' in your configuration.

